<html>
<body>
<pre>
<h1>Vision Build Log</h1>
<h2>Project:</h2>
C:\Documents and Settings\Administrator\桌面\UCOS_II学习总结\调试好用C51\C51_uCOSII\uCosII.uvproj
Project File Date:  08/29/2011

<h2>Output:</h2>
Build target 'Target 1'
assembling STARTUP.A51...
compiling main.c...
assembling OS_CPU_A.ASM...
compiling COMM_51.C...
COMM_51.C(35): warning C206: 'CommPutRxChar': missing function-prototype
COMM_51.C(35): error C267: 'CommPutRxChar': requires ANSI-style prototype
compiling COMMRTOS.C...
COMMRTOS.C(18): error C141: syntax error near 'OS_EVENT'
COMMRTOS.C(18): error C129: missing ';' before '*'
compiling OS_CORE.C...
compiling OS_FLAG.C...
compiling OS_MBOX.C...
compiling OS_MEM.C...
compiling OS_MUTEX.C...
compiling OS_Q.C...
compiling OS_SEM.C...
compiling OS_TASK.C...
compiling OS_TIME.C...
compiling uCOS_II.C...
compiling OS_CPU_C.C...
Target not created
Build target 'Target 1'
assembling STARTUP.A51...
compiling main.c...
MAIN.C(49): warning C280: 'ch': unreferenced local variable
MAIN.C(49): warning C280: 'com_count': unreferenced local variable
assembling OS_CPU_A.ASM...
compiling COMM_51.C...
COMM_51.C(35): warning C206: 'CommPutRxChar': missing function-prototype
COMM_51.C(35): error C267: 'CommPutRxChar': requires ANSI-style prototype
compiling COMMRTOS.C...
COMMRTOS.C(18): error C141: syntax error near 'OS_EVENT'
COMMRTOS.C(18): error C129: missing ';' before '*'
compiling OS_CORE.C...
compiling OS_FLAG.C...
compiling OS_MBOX.C...
compiling OS_MEM.C...
compiling OS_MUTEX.C...
compiling OS_Q.C...
compiling OS_SEM.C...
compiling OS_TASK.C...
compiling OS_TIME.C...
compiling uCOS_II.C...
compiling OS_CPU_C.C...
Target not created
Build target 'Target 1'
assembling STARTUP.A51...
compiling main.c...
MAIN.C(49): warning C280: 'ch': unreferenced local variable
MAIN.C(49): warning C280: 'com_count': unreferenced local variable
assembling OS_CPU_A.ASM...
compiling COMM_51.C...
COMM_51.C(35): warning C206: 'CommPutRxChar': missing function-prototype
COMM_51.C(35): error C267: 'CommPutRxChar': requires ANSI-style prototype
compiling COMMRTOS.C...
COMMRTOS.C(18): error C141: syntax error near 'OS_EVENT'
COMMRTOS.C(18): error C129: missing ';' before '*'
compiling OS_CORE.C...
compiling OS_FLAG.C...
compiling OS_MBOX.C...
compiling OS_MEM.C...
compiling OS_MUTEX.C...
compiling OS_Q.C...
compiling OS_SEM.C...
compiling OS_TASK.C...
compiling OS_TIME.C...
compiling uCOS_II.C...
compiling OS_CPU_C.C...
CPU\OS_CPU_C.C(294): warning C206: 'CommPutRxChar': missing function-prototype
CPU\OS_CPU_C.C(294): error C267: 'CommPutRxChar': requires ANSI-style prototype
Target not created
Build target 'Target 1'
assembling STARTUP.A51...
compiling main.c...
MAIN.C(49): warning C280: 'ch': unreferenced local variable
MAIN.C(49): warning C280: 'com_count': unreferenced local variable
assembling OS_CPU_A.ASM...
compiling COMM_51.C...
COMM_51.C(35): warning C206: 'CommPutRxChar': missing function-prototype
COMM_51.C(35): error C267: 'CommPutRxChar': requires ANSI-style prototype
compiling COMMRTOS.C...
COMMRTOS.C(18): error C141: syntax error near 'OS_EVENT'
COMMRTOS.C(18): error C129: missing ';' before '*'
compiling OS_CORE.C...
compiling OS_FLAG.C...
compiling OS_MBOX.C...
compiling OS_MEM.C...
compiling OS_MUTEX.C...
compiling OS_Q.C...
compiling OS_SEM.C...
compiling OS_TASK.C...
compiling OS_TIME.C...
compiling uCOS_II.C...
compiling OS_CPU_C.C...
Target not created
Build target 'Target 1'
assembling STARTUP.A51...
compiling main.c...
MAIN.C(49): warning C280: 'ch': unreferenced local variable
MAIN.C(49): warning C280: 'com_count': unreferenced local variable
assembling OS_CPU_A.ASM...
compiling COMMRTOS.C...
COMMRTOS.C(18): error C141: syntax error near 'OS_EVENT'
COMMRTOS.C(18): error C129: missing ';' before '*'
compiling OS_CORE.C...
compiling OS_FLAG.C...
compiling OS_MBOX.C...
compiling OS_MEM.C...
compiling OS_MUTEX.C...
compiling OS_Q.C...
compiling OS_SEM.C...
compiling OS_TASK.C...
compiling OS_TIME.C...
compiling uCOS_II.C...
compiling OS_CPU_C.C...
Target not created
Build target 'Target 1'
assembling STARTUP.A51...
compiling main.c...
MAIN.C(49): warning C280: 'ch': unreferenced local variable
MAIN.C(49): warning C280: 'com_count': unreferenced local variable
assembling OS_CPU_A.ASM...
compiling OS_CORE.C...
compiling OS_FLAG.C...
compiling OS_MBOX.C...
compiling OS_MEM.C...
compiling OS_MUTEX.C...
compiling OS_Q.C...
compiling OS_SEM.C...
compiling OS_TASK.C...
compiling OS_TIME.C...
compiling uCOS_II.C...
compiling OS_CPU_C.C...
linking...
*** WARNING L16: UNCALLED SEGMENT, IGNORED FOR OVERLAY PROCESS
    SEGMENT: ?PR?_?OSVERSION?OS_CORE
*** WARNING L16: UNCALLED SEGMENT, IGNORED FOR OVERLAY PROCESS
    SEGMENT: ?PR?_?OSTASKDEL?OS_TASK
*** WARNING L16: UNCALLED SEGMENT, IGNORED FOR OVERLAY PROCESS
    SEGMENT: ?PR?_?OSTASKDELREQ?OS_TASK
Program Size: data=124.0 xdata=241 code=5794
creating hex file from "uCosII"...
"uCosII" - 0 Error(s), 5 Warning(s).
Build target 'Target 1'
assembling STARTUP.A51...
compiling main.c...
MAIN.C(49): warning C280: 'ch': unreferenced local variable
MAIN.C(49): warning C280: 'com_count': unreferenced local variable
assembling OS_CPU_A.ASM...
compiling OS_CORE.C...
compiling OS_FLAG.C...
compiling OS_MBOX.C...
compiling OS_MEM.C...
compiling OS_MUTEX.C...
compiling OS_Q.C...
compiling OS_SEM.C...
compiling OS_TASK.C...
compiling OS_TIME.C...
compiling uCOS_II.C...
compiling OS_CPU_C.C...
linking...
*** WARNING L16: UNCALLED SEGMENT, IGNORED FOR OVERLAY PROCESS
    SEGMENT: ?PR?_?OSVERSION?OS_CORE
*** WARNING L16: UNCALLED SEGMENT, IGNORED FOR OVERLAY PROCESS
    SEGMENT: ?PR?_?OSTASKDEL?OS_TASK
*** WARNING L16: UNCALLED SEGMENT, IGNORED FOR OVERLAY PROCESS
    SEGMENT: ?PR?_?OSTASKDELREQ?OS_TASK
Program Size: data=124.0 xdata=241 code=5794
creating hex file from "uCosII"...
"uCosII" - 0 Error(s), 5 Warning(s).
Build target 'Target 1'
assembling STARTUP.A51...
compiling main.c...
MAIN.C(47): warning C280: 'ch': unreferenced local variable
MAIN.C(47): warning C280: 'com_count': unreferenced local variable
assembling OS_CPU_A.ASM...
compiling OS_CORE.C...
compiling OS_FLAG.C...
compiling OS_MBOX.C...
compiling OS_MEM.C...
compiling OS_MUTEX.C...
compiling OS_Q.C...
compiling OS_SEM.C...
compiling OS_TASK.C...
compiling OS_TIME.C...
compiling uCOS_II.C...
compiling OS_CPU_C.C...
linking...
*** WARNING L16: UNCALLED SEGMENT, IGNORED FOR OVERLAY PROCESS
    SEGMENT: ?PR?_?OSVERSION?OS_CORE
*** WARNING L16: UNCALLED SEGMENT, IGNORED FOR OVERLAY PROCESS
    SEGMENT: ?PR?_?OSTASKDEL?OS_TASK
*** WARNING L16: UNCALLED SEGMENT, IGNORED FOR OVERLAY PROCESS
    SEGMENT: ?PR?_?OSTASKDELREQ?OS_TASK
Program Size: data=124.0 xdata=237 code=5655
creating hex file from "uCosII"...
"uCosII" - 0 Error(s), 5 Warning(s).
Build target 'Target 1'
assembling STARTUP.A51...
compiling main.c...
assembling OS_CPU_A.ASM...
compiling OS_CORE.C...
compiling OS_FLAG.C...
compiling OS_MBOX.C...
compiling OS_MEM.C...
compiling OS_MUTEX.C...
compiling OS_Q.C...
compiling OS_SEM.C...
compiling OS_TASK.C...
compiling OS_TIME.C...
compiling uCOS_II.C...
compiling OS_CPU_C.C...
linking...
*** WARNING L16: UNCALLED SEGMENT, IGNORED FOR OVERLAY PROCESS
    SEGMENT: ?PR?_?OSVERSION?OS_CORE
*** WARNING L16: UNCALLED SEGMENT, IGNORED FOR OVERLAY PROCESS
    SEGMENT: ?PR?_?OSTASKDEL?OS_TASK
*** WARNING L16: UNCALLED SEGMENT, IGNORED FOR OVERLAY PROCESS
    SEGMENT: ?PR?_?OSTASKDELREQ?OS_TASK
Program Size: data=124.0 xdata=237 code=5645
creating hex file from "uCosII"...
"uCosII" - 0 Error(s), 3 Warning(s).
Build target 'Target 1'
assembling STARTUP.A51...
compiling main.c...
assembling OS_CPU_A.ASM...
compiling OS_CORE.C...
compiling OS_FLAG.C...
compiling OS_MBOX.C...
compiling OS_MEM.C...
compiling OS_MUTEX.C...
compiling OS_Q.C...
compiling OS_SEM.C...
compiling OS_TASK.C...
compiling OS_TIME.C...
compiling uCOS_II.C...
compiling OS_CPU_C.C...
linking...
*** WARNING L16: UNCALLED SEGMENT, IGNORED FOR OVERLAY PROCESS
    SEGMENT: ?PR?_?OSVERSION?OS_CORE
*** WARNING L16: UNCALLED SEGMENT, IGNORED FOR OVERLAY PROCESS
    SEGMENT: ?PR?_?OSTASKDEL?OS_TASK
*** WARNING L16: UNCALLED SEGMENT, IGNORED FOR OVERLAY PROCESS
    SEGMENT: ?PR?_?OSTASKDELREQ?OS_TASK
Program Size: data=124.0 xdata=237 code=5642
creating hex file from "uCosII"...
"uCosII" - 0 Error(s), 3 Warning(s).
Build target 'Target 1'
assembling STARTUP.A51...
compiling main.c...
assembling OS_CPU_A.ASM...
compiling OS_CORE.C...
compiling OS_FLAG.C...
compiling OS_MBOX.C...
compiling OS_MEM.C...
compiling OS_MUTEX.C...
compiling OS_Q.C...
compiling OS_SEM.C...
compiling OS_TASK.C...
compiling OS_TIME.C...
compiling uCOS_II.C...
compiling COMM_51.C...
COMM_51.C(35): warning C206: 'CommPutRxChar': missing function-prototype
COMM_51.C(35): error C267: 'CommPutRxChar': requires ANSI-style prototype
compiling OS_CPU_C.C...
Target not created
Build target 'Target 1'
assembling STARTUP.A51...
compiling main.c...
assembling OS_CPU_A.ASM...
compiling OS_CORE.C...
compiling OS_FLAG.C...
compiling OS_MBOX.C...
compiling OS_MEM.C...
compiling OS_MUTEX.C...
compiling OS_Q.C...
compiling OS_SEM.C...
compiling OS_TASK.C...
compiling OS_TIME.C...
compiling uCOS_II.C...
compiling COMM_51.C...
COMM_51.C(35): warning C206: 'CommPutRxChar': missing function-prototype
COMM_51.C(35): error C267: 'CommPutRxChar': requires ANSI-style prototype
compiling COMMRTOS.C...
COMMRTOS.C(18): error C141: syntax error near 'OS_EVENT'
COMMRTOS.C(18): error C129: missing ';' before '*'
compiling OS_CPU_C.C...
Target not created
Build target 'Target 1'
assembling STARTUP.A51...
compiling main.c...
assembling OS_CPU_A.ASM...
compiling OS_CORE.C...
compiling OS_FLAG.C...
compiling OS_MBOX.C...
compiling OS_MEM.C...
compiling OS_MUTEX.C...
compiling OS_Q.C...
compiling OS_SEM.C...
compiling OS_TASK.C...
compiling OS_TIME.C...
compiling uCOS_II.C...
compiling COMM_51.C...
compiling COMMRTOS.C...
COMMRTOS.C(18): error C141: syntax error near 'OS_EVENT'
COMMRTOS.C(18): error C129: missing ';' before '*'
compiling OS_CPU_C.C...
Target not created
Build target 'Target 1'
assembling STARTUP.A51...
compiling main.c...
assembling OS_CPU_A.ASM...
compiling OS_CORE.C...
compiling OS_FLAG.C...
compiling OS_MBOX.C...
compiling OS_MEM.C...
compiling OS_MUTEX.C...
compiling OS_Q.C...
compiling OS_SEM.C...
compiling OS_TASK.C...
compiling OS_TIME.C...
compiling uCOS_II.C...
compiling COMM_51.C...
compiling COMMRTOS.C...
COMMRTOS.C(23): error C141: syntax error near 'OS_EVENT'
COMMRTOS.C(23): error C129: missing ';' before '*'
compiling OS_CPU_C.C...
Target not created
Build target 'Target 1'
assembling STARTUP.A51...
compiling main.c...
assembling OS_CPU_A.ASM...
compiling OS_CORE.C...
compiling OS_FLAG.C...
compiling OS_MBOX.C...
compiling OS_MEM.C...
compiling OS_MUTEX.C...
compiling OS_Q.C...
compiling OS_SEM.C...
compiling OS_TASK.C...
compiling OS_TIME.C...
compiling uCOS_II.C...
compiling COMM_51.C...
compiling COMMRTOS.C...
COMMRTOS.C(41): error C204: 'RingBufRxSem': undefined member
COMMRTOS.C(45): error C204: 'RingBufTxSem': undefined member
COMMRTOS.C(57): error C204: 'RingBufTxSem': undefined member
COMMRTOS.C(88): error C204: 'RingBufRxSem': undefined member
COMMRTOS.C(98): error C204: 'RingBufRxSem': undefined member
COMMRTOS.C(127): error C204: 'RingBufTxSem': undefined member
compiling OS_CPU_C.C...
Target not created
Build target 'Target 1'
assembling STARTUP.A51...
compiling main.c...
assembling OS_CPU_A.ASM...
compiling COMM_51.C...
compiling COMMRTOS.C...
COMMRTOS.C(18): error C141: syntax error near 'OS_EVENT'
COMMRTOS.C(18): error C129: missing ';' before '*'
compiling OS_CORE.C...
compiling OS_FLAG.C...
compiling OS_MBOX.C...
compiling OS_MEM.C...
compiling OS_MUTEX.C...
compiling OS_Q.C...
compiling OS_SEM.C...
compiling OS_TASK.C...
compiling OS_TIME.C...
compiling uCOS_II.C...
compiling OS_CPU_C.C...
Target not created
Build target 'Target 1'
assembling STARTUP.A51...
compiling main.c...
assembling OS_CPU_A.ASM...
compiling COMM_51.C...
compiling COMMRTOS.C...
COMMRTOS.C(18): error C141: syntax error near 'OS_EVENT'
COMMRTOS.C(18): error C129: missing ';' before '*'
compiling OS_CORE.C...
compiling OS_FLAG.C...
compiling OS_MBOX.C...
compiling OS_MEM.C...
compiling OS_MUTEX.C...
compiling OS_Q.C...
compiling OS_SEM.C...
compiling OS_TASK.C...
compiling OS_TIME.C...
compiling uCOS_II.C...
compiling OS_CPU_C.C...
Target not created
Build target 'Target 1'
assembling STARTUP.A51...
compiling main.c...
assembling OS_CPU_A.ASM...
compiling COMMRTOS.C...
COMMRTOS.C(18): error C141: syntax error near 'OS_EVENT'
COMMRTOS.C(18): error C129: missing ';' before '*'
compiling OS_CORE.C...
compiling OS_FLAG.C...
compiling OS_MBOX.C...
compiling OS_MEM.C...
compiling OS_MUTEX.C...
compiling OS_Q.C...
compiling OS_SEM.C...
compiling OS_TASK.C...
compiling OS_TIME.C...
compiling uCOS_II.C...
compiling OS_CPU_C.C...
Target not created
Build target 'Target 1'
assembling STARTUP.A51...
compiling main.c...
assembling OS_CPU_A.ASM...
compiling COMMRTOS.C...
COMMRTOS.C(83): error C202: 'LenTxBuf': undefined identifier
COMMRTOS.C(83): error C136: invalid dimension size: [0]
COMMRTOS.C(83): error C202: 'LenRxBuf': undefined identifier
COMMRTOS.C(83): error C136: invalid dimension size: [0]
COMMRTOS.C(112): error C202: 'LenTxBuf': undefined identifier
COMMRTOS.C(117): error C202: 'LenRxBuf': undefined identifier
COMMRTOS.C(129): error C202: 'LenRxBuf': undefined identifier
COMMRTOS.C(144): error C202: 'LenTxBuf': undefined identifier
COMMRTOS.C(202): error C202: 'MaxLenStr': undefined identifier
COMMRTOS.C(207): error C202: 'TABNum': undefined identifier
compiling OS_CORE.C...
compiling OS_FLAG.C...
compiling OS_MBOX.C...
compiling OS_MEM.C...
compiling OS_MUTEX.C...
compiling OS_Q.C...
compiling OS_SEM.C...
compiling OS_TASK.C...
compiling OS_TIME.C...
compiling uCOS_II.C...
compiling OS_CPU_C.C...
Target not created
Build target 'Target 1'
assembling STARTUP.A51...
compiling main.c...
assembling OS_CPU_A.ASM...
compiling COMMRTOS.C...
compiling OS_CORE.C...
compiling OS_FLAG.C...
compiling OS_MBOX.C...
compiling OS_MEM.C...
compiling OS_MUTEX.C...
compiling OS_Q.C...
compiling OS_SEM.C...
compiling OS_TASK.C...
compiling OS_TIME.C...
compiling uCOS_II.C...
compiling OS_CPU_C.C...
CPU\OS_CPU_C.C(294): warning C206: 'CommPutRxChar': missing function-prototype
CPU\OS_CPU_C.C(294): error C267: 'CommPutRxChar': requires ANSI-style prototype
Target not created
Build target 'Target 1'
assembling STARTUP.A51...
compiling main.c...
assembling OS_CPU_A.ASM...
compiling COMMRTOS.C...
compiling OS_CORE.C...
compiling OS_FLAG.C...
compiling OS_MBOX.C...
compiling OS_MEM.C...
compiling OS_MUTEX.C...
compiling OS_Q.C...
compiling OS_SEM.C...
compiling OS_TASK.C...
compiling OS_TIME.C...
compiling uCOS_II.C...
compiling OS_CPU_C.C...
linking...
*** ERROR L104: MULTIPLE PUBLIC DEFINITIONS
    SYMBOL:  _?SERIAL
    MODULE:  OS_CPU_C.obj (OS_CPU_C)
*** WARNING L16: UNCALLED SEGMENT, IGNORED FOR OVERLAY PROCESS
    SEGMENT: ?PR?_?INITSERIAL?COMMRTOS
*** WARNING L16: UNCALLED SEGMENT, IGNORED FOR OVERLAY PROCESS
    SEGMENT: ?PR?_?INITSERIALBUFFER?COMMRTOS
*** WARNING L16: UNCALLED SEGMENT, IGNORED FOR OVERLAY PROCESS
    SEGMENT: ?PR?_?YYGETCH?COMMRTOS
*** WARNING L16: UNCALLED SEGMENT, IGNORED FOR OVERLAY PROCESS
    SEGMENT: ?PR?_?PRINTBYTE?COMMRTOS
*** WARNING L16: UNCALLED SEGMENT, IGNORED FOR OVERLAY PROCESS
    SEGMENT: ?PR?_?PRINTWORD?COMMRTOS
*** WARNING L16: UNCALLED SEGMENT, IGNORED FOR OVERLAY PROCESS
    SEGMENT: ?PR?_?PRINTLONG?COMMRTOS
*** WARNING L16: UNCALLED SEGMENT, IGNORED FOR OVERLAY PROCESS
    SEGMENT: ?PR?_?CLRSCR?COMMRTOS
*** WARNING L16: UNCALLED SEGMENT, IGNORED FOR OVERLAY PROCESS
    SEGMENT: ?PR?_?OSVERSION?OS_CORE
*** WARNING L16: UNCALLED SEGMENT, IGNORED FOR OVERLAY PROCESS
    SEGMENT: ?PR?_?OSTASKDEL?OS_TASK
*** WARNING L16: UNCALLED SEGMENT, IGNORED FOR OVERLAY PROCESS
    SEGMENT: ?PR?_?OSTASKDELREQ?OS_TASK
*** WARNING L16: UNCALLED SEGMENT, IGNORED FOR OVERLAY PROCESS
    SEGMENT: ?PR?_?SERIAL?OS_CPU_C
*** ERROR L118: REFERENCE MADE TO ERRONEOUS EXTERNAL
    SYMBOL:  _?SERIAL
    MODULE:  OS_CPU_A.obj (OS_CPU_A)
    ADDRESS: 1856H
Program Size: data=124.1 xdata=2299 code=7116
Target not created
Build target 'Target 1'
assembling STARTUP.A51...
compiling main.c...
assembling OS_CPU_A.ASM...
compiling COMMRTOS.C...
compiling OS_CORE.C...
compiling OS_FLAG.C...
compiling OS_MBOX.C...
compiling OS_MEM.C...
compiling OS_MUTEX.C...
compiling OS_Q.C...
compiling OS_SEM.C...
compiling OS_TASK.C...
compiling OS_TIME.C...
compiling uCOS_II.C...
compiling OS_CPU_C.C...
linking...
*** ERROR L104: MULTIPLE PUBLIC DEFINITIONS
    SYMBOL:  _?SERIAL
    MODULE:  OS_CPU_C.obj (OS_CPU_C)
*** WARNING L16: UNCALLED SEGMENT, IGNORED FOR OVERLAY PROCESS
    SEGMENT: ?PR?_?INITSERIAL?COMMRTOS
*** WARNING L16: UNCALLED SEGMENT, IGNORED FOR OVERLAY PROCESS
    SEGMENT: ?PR?_?INITSERIALBUFFER?COMMRTOS
*** WARNING L16: UNCALLED SEGMENT, IGNORED FOR OVERLAY PROCESS
    SEGMENT: ?PR?_?YYGETCH?COMMRTOS
*** WARNING L16: UNCALLED SEGMENT, IGNORED FOR OVERLAY PROCESS
    SEGMENT: ?PR?_?PRINTBYTE?COMMRTOS
*** WARNING L16: UNCALLED SEGMENT, IGNORED FOR OVERLAY PROCESS
    SEGMENT: ?PR?_?PRINTWORD?COMMRTOS
*** WARNING L16: UNCALLED SEGMENT, IGNORED FOR OVERLAY PROCESS
    SEGMENT: ?PR?_?PRINTLONG?COMMRTOS
*** WARNING L16: UNCALLED SEGMENT, IGNORED FOR OVERLAY PROCESS
    SEGMENT: ?PR?_?CLRSCR?COMMRTOS
*** WARNING L16: UNCALLED SEGMENT, IGNORED FOR OVERLAY PROCESS
    SEGMENT: ?PR?_?OSVERSION?OS_CORE
*** WARNING L16: UNCALLED SEGMENT, IGNORED FOR OVERLAY PROCESS
    SEGMENT: ?PR?_?OSTASKDEL?OS_TASK
*** WARNING L16: UNCALLED SEGMENT, IGNORED FOR OVERLAY PROCESS
    SEGMENT: ?PR?_?OSTASKDELREQ?OS_TASK
*** WARNING L16: UNCALLED SEGMENT, IGNORED FOR OVERLAY PROCESS
    SEGMENT: ?PR?_?SERIAL?OS_CPU_C
*** ERROR L118: REFERENCE MADE TO ERRONEOUS EXTERNAL
    SYMBOL:  _?SERIAL
    MODULE:  OS_CPU_A.obj (OS_CPU_A)
    ADDRESS: 1856H
Program Size: data=124.1 xdata=2299 code=7116
Target not created
Build target 'Target 1'
assembling STARTUP.A51...
compiling main.c...
includes.h(31): warning C318: can't open file 'AT89X52.H'
MAIN.C(17): error C202: 'P2': undefined identifier
MAIN.C(18): error C202: 'P2': undefined identifier
MAIN.C(19): error C202: 'P2': undefined identifier
MAIN.C(30): error C202: 'LED0': undefined identifier
MAIN.C(40): error C202: 'LED1': undefined identifier
MAIN.C(50): error C202: 'LED7': undefined identifier
MAIN.C(58): error C202: 'P2': undefined identifier
assembling OS_CPU_A.ASM...
compiling COMMRTOS.C...
includes.h(31): warning C318: can't open file 'AT89X52.H'
COMMRTOS.C(85): error C202: 'TMOD': undefined identifier
COMMRTOS.C(86): error C202: 'TMOD': undefined identifier
COMMRTOS.C(87): error C202: 'TL1': undefined identifier
COMMRTOS.C(88): error C202: 'SCON': undefined identifier
COMMRTOS.C(88): error C202: 'PCON': undefined identifier
COMMRTOS.C(89): error C202: 'TR1': undefined identifier
COMMRTOS.C(96): error C202: 'ES': undefined identifier
COMMRTOS.C(104): error C202: 'TI': undefined identifier
COMMRTOS.C(105): error C202: 'TI': undefined identifier
COMMRTOS.C(107): error C202: 'SBUF': undefined identifier
COMMRTOS.C(110): error C202: 'RI': undefined identifier
COMMRTOS.C(111): error C202: 'RI': undefined identifier
COMMRTOS.C(115): error C202: 'SBUF': undefined identifier
COMMRTOS.C(123): error C202: 'ES': undefined identifier
COMMRTOS.C(137): error C202: 'TI': undefined identifier
COMMRTOS.C(165): error C202: 'EA': undefined identifier
COMMRTOS.C(167): error C202: 'EA': undefined identifier
COMMRTOS.C(178): error C202: 'EA': undefined identifier
COMMRTOS.C(180): error C202: 'EA': undefined identifier
COMMRTOS.C(185): error C202: 'EA': undefined identifier
COMMRTOS.C(188): error C202: 'EA': undefined identifier
COMMRTOS.C(197): error C202: 'EA': undefined identifier
COMMRTOS.C(208): error C202: 'EA': undefined identifier
compiling OS_CORE.C...
includes.h(31): warning C318: can't open file 'AT89X52.H'
OSS\OS_CORE.C(179): error C202: 'EA': undefined identifier
OSS\OS_CORE.C(199): error C202: 'EA': undefined identifier
OSS\OS_CORE.C(406): error C202: 'EA': undefined identifier
OSS\OS_CORE.C(427): error C202: 'EA': undefined identifier
OSS\OS_CORE.C(935): error C202: 'EA': undefined identifier
OSS\OS_CORE.C(949): error C202: 'EA': undefined identifier
OSS\OS_CORE.C(983): error C202: 'EA': undefined identifier
OSS\OS_CORE.C(985): error C202: 'EA': undefined identifier
OSS\OS_CORE.C(1120): error C202: 'EA': undefined identifier
OSS\OS_CORE.C(1125): error C202: 'EA': undefined identifier
OSS\OS_CORE.C(1174): error C202: 'EA': undefined identifier
OSS\OS_CORE.C(1185): error C202: 'EA': undefined identifier
OSS\OS_CORE.C(1188): error C202: 'EA': undefined identifier
compiling OS_FLAG.C...
INCLUDES.H(31): warning C318: can't open file 'AT89X52.H'
compiling OS_MBOX.C...
includes.h(31): warning C318: can't open file 'AT89X52.H'
compiling OS_MEM.C...
includes.h(31): warning C318: can't open file 'AT89X52.H'
compiling OS_MUTEX.C...
includes.h(31): warning C318: can't open file 'AT89X52.H'
compiling OS_Q.C...
includes.h(31): warning C318: can't open file 'AT89X52.H'
compiling OS_SEM.C...
includes.h(31): warning C318: can't open file 'AT89X52.H'
compiling OS_TASK.C...
includes.h(31): warning C318: can't open file 'AT89X52.H'
OSS\OS_TASK.C(198): error C202: 'EA': undefined identifier
OSS\OS_TASK.C(204): error C202: 'EA': undefined identifier
OSS\OS_TASK.C(209): error C202: 'EA': undefined identifier
OSS\OS_TASK.C(211): error C202: 'EA': undefined identifier
OSS\OS_TASK.C(220): error C202: 'EA': undefined identifier
OSS\OS_TASK.C(222): error C202: 'EA': undefined identifier
OSS\OS_TASK.C(226): error C202: 'EA': undefined identifier
OSS\OS_TASK.C(428): error C202: 'EA': undefined identifier
OSS\OS_TASK.C(469): error C202: 'EA': undefined identifier
OSS\OS_TASK.C(471): error C202: 'EA': undefined identifier
OSS\OS_TASK.C(494): error C202: 'EA': undefined identifier
OSS\OS_TASK.C(498): error C202: 'EA': undefined identifier
OSS\OS_TASK.C(574): error C202: 'EA': undefined identifier
OSS\OS_TASK.C(576): error C202: 'EA': undefined identifier
OSS\OS_TASK.C(579): error C202: 'EA': undefined identifier
OSS\OS_TASK.C(591): error C202: 'EA': undefined identifier
compiling OS_TIME.C...
includes.h(31): warning C318: can't open file 'AT89X52.H'
OSS\OS_TIME.C(48): error C202: 'EA': undefined identifier
OSS\OS_TIME.C(55): error C202: 'EA': undefined identifier
compiling uCOS_II.C...
OSS\..\INCLUDES.H(31): warning C318: can't open file 'AT89X52.H'
OSS\OS_CORE.C(179): error C202: 'EA': undefined identifier
OSS\OS_CORE.C(199): error C202: 'EA': undefined identifier
OSS\OS_CORE.C(406): error C202: 'EA': undefined identifier
OSS\OS_CORE.C(427): error C202: 'EA': undefined identifier
OSS\OS_CORE.C(935): error C202: 'EA': undefined identifier
OSS\OS_CORE.C(949): error C202: 'EA': undefined identifier
OSS\OS_CORE.C(983): error C202: 'EA': undefined identifier
OSS\OS_CORE.C(985): error C202: 'EA': undefined identifier
OSS\OS_CORE.C(1120): error C202: 'EA': undefined identifier
OSS\OS_CORE.C(1125): error C202: 'EA': undefined identifier
OSS\OS_CORE.C(1174): error C202: 'EA': undefined identifier
OSS\OS_CORE.C(1185): error C202: 'EA': undefined identifier
OSS\OS_CORE.C(1188): error C202: 'EA': undefined identifier
OSS\OS_TASK.C(198): error C202: 'EA': undefined identifier
OSS\OS_TASK.C(204): error C202: 'EA': undefined identifier
OSS\OS_TASK.C(209): error C202: 'EA': undefined identifier
OSS\OS_TASK.C(211): error C202: 'EA': undefined identifier
OSS\OS_TASK.C(220): error C202: 'EA': undefined identifier
OSS\OS_TASK.C(222): error C202: 'EA': undefined identifier
OSS\OS_TASK.C(226): error C202: 'EA': undefined identifier
OSS\OS_TASK.C(428): error C202: 'EA': undefined identifier
OSS\OS_TASK.C(469): error C202: 'EA': undefined identifier
OSS\OS_TASK.C(471): error C202: 'EA': undefined identifier
OSS\OS_TASK.C(494): error C202: 'EA': undefined identifier
OSS\OS_TASK.C(498): error C202: 'EA': undefined identifier
OSS\OS_TASK.C(574): error C202: 'EA': undefined identifier
OSS\OS_TASK.C(576): error C202: 'EA': undefined identifier
OSS\OS_TASK.C(579): error C202: 'EA': undefined identifier
OSS\OS_TASK.C(591): error C202: 'EA': undefined identifier
OSS\OS_TIME.C(48): error C202: 'EA': undefined identifier
OSS\OS_TIME.C(55): error C202: 'EA': undefined identifier
compiling OS_CPU_C.C...
includes.h(31): warning C318: can't open file 'AT89X52.H'
CPU\OS_CPU_C.C(264): error C202: 'TMOD': undefined identifier
CPU\OS_CPU_C.C(265): error C202: 'TMOD': undefined identifier
CPU\OS_CPU_C.C(266): error C202: 'TH0': undefined identifier
CPU\OS_CPU_C.C(267): error C202: 'TL0': undefined identifier
CPU\OS_CPU_C.C(268): error C202: 'ET0': undefined identifier
CPU\OS_CPU_C.C(269): error C202: 'TR0': undefined identifier
CPU\OS_CPU_C.C(277): error C202: 'SCON': undefined identifier
CPU\OS_CPU_C.C(278): error C202: 'TMOD': undefined identifier
CPU\OS_CPU_C.C(279): error C202: 'TH1': undefined identifier
CPU\OS_CPU_C.C(280): error C202: 'TL1': undefined identifier
CPU\OS_CPU_C.C(281): error C202: 'TR1': undefined identifier
CPU\OS_CPU_C.C(282): error C202: 'ES': undefined identifier
CPU\OS_CPU_C.C(283): error C202: 'PS': undefined identifier
Target not created
Build target 'Target 1'
assembling STARTUP.A51...
compiling main.c...
assembling OS_CPU_A.ASM...
compiling COMMRTOS.C...
compiling OS_CORE.C...
compiling OS_FLAG.C...
compiling OS_MBOX.C...
compiling OS_MEM.C...
compiling OS_MUTEX.C...
compiling OS_Q.C...
compiling OS_SEM.C...
compiling OS_TASK.C...
compiling OS_TIME.C...
compiling uCOS_II.C...
compiling OS_CPU_C.C...
linking...
*** ERROR L104: MULTIPLE PUBLIC DEFINITIONS
    SYMBOL:  _?SERIAL
    MODULE:  OS_CPU_C.obj (OS_CPU_C)
*** WARNING L16: UNCALLED SEGMENT, IGNORED FOR OVERLAY PROCESS
    SEGMENT: ?PR?_?INITSERIAL?COMMRTOS
*** WARNING L16: UNCALLED SEGMENT, IGNORED FOR OVERLAY PROCESS
    SEGMENT: ?PR?_?INITSERIALBUFFER?COMMRTOS
*** WARNING L16: UNCALLED SEGMENT, IGNORED FOR OVERLAY PROCESS
    SEGMENT: ?PR?_?YYGETCH?COMMRTOS
*** WARNING L16: UNCALLED SEGMENT, IGNORED FOR OVERLAY PROCESS
    SEGMENT: ?PR?_?PRINTBYTE?COMMRTOS
*** WARNING L16: UNCALLED SEGMENT, IGNORED FOR OVERLAY PROCESS
    SEGMENT: ?PR?_?PRINTWORD?COMMRTOS
*** WARNING L16: UNCALLED SEGMENT, IGNORED FOR OVERLAY PROCESS
    SEGMENT: ?PR?_?PRINTLONG?COMMRTOS
*** WARNING L16: UNCALLED SEGMENT, IGNORED FOR OVERLAY PROCESS
    SEGMENT: ?PR?_?CLRSCR?COMMRTOS
*** WARNING L16: UNCALLED SEGMENT, IGNORED FOR OVERLAY PROCESS
    SEGMENT: ?PR?_?OSVERSION?OS_CORE
*** WARNING L16: UNCALLED SEGMENT, IGNORED FOR OVERLAY PROCESS
    SEGMENT: ?PR?_?OSTASKDEL?OS_TASK
*** WARNING L16: UNCALLED SEGMENT, IGNORED FOR OVERLAY PROCESS
    SEGMENT: ?PR?_?OSTASKDELREQ?OS_TASK
*** WARNING L16: UNCALLED SEGMENT, IGNORED FOR OVERLAY PROCESS
    SEGMENT: ?PR?_?SERIAL?OS_CPU_C
*** ERROR L118: REFERENCE MADE TO ERRONEOUS EXTERNAL
    SYMBOL:  _?SERIAL
    MODULE:  OS_CPU_A.obj (OS_CPU_A)
    ADDRESS: 1856H
Program Size: data=124.1 xdata=2299 code=7116
Target not created
Build target 'Target 1'
assembling STARTUP.A51...
compiling main.c...
assembling OS_CPU_A.ASM...
compiling COMMRTOS.C...
compiling OS_CORE.C...
compiling OS_FLAG.C...
compiling OS_MBOX.C...
compiling OS_MEM.C...
compiling OS_MUTEX.C...
compiling OS_Q.C...
compiling OS_SEM.C...
compiling OS_TASK.C...
compiling OS_TIME.C...
compiling uCOS_II.C...
compiling OS_CPU_C.C...
linking...
*** WARNING L16: UNCALLED SEGMENT, IGNORED FOR OVERLAY PROCESS
    SEGMENT: ?PR?_?INITSERIAL?COMMRTOS
*** WARNING L16: UNCALLED SEGMENT, IGNORED FOR OVERLAY PROCESS
    SEGMENT: ?PR?_?INITSERIALBUFFER?COMMRTOS
*** WARNING L16: UNCALLED SEGMENT, IGNORED FOR OVERLAY PROCESS
    SEGMENT: ?PR?_?YYGETCH?COMMRTOS
*** WARNING L16: UNCALLED SEGMENT, IGNORED FOR OVERLAY PROCESS
    SEGMENT: ?PR?_?PRINTBYTE?COMMRTOS
*** WARNING L16: UNCALLED SEGMENT, IGNORED FOR OVERLAY PROCESS
    SEGMENT: ?PR?_?PRINTWORD?COMMRTOS
*** WARNING L16: UNCALLED SEGMENT, IGNORED FOR OVERLAY PROCESS
    SEGMENT: ?PR?_?PRINTLONG?COMMRTOS
*** WARNING L16: UNCALLED SEGMENT, IGNORED FOR OVERLAY PROCESS
    SEGMENT: ?PR?_?CLRSCR?COMMRTOS
*** WARNING L16: UNCALLED SEGMENT, IGNORED FOR OVERLAY PROCESS
    SEGMENT: ?PR?_?OSVERSION?OS_CORE
*** WARNING L16: UNCALLED SEGMENT, IGNORED FOR OVERLAY PROCESS
    SEGMENT: ?PR?_?OSTASKDEL?OS_TASK
*** WARNING L16: UNCALLED SEGMENT, IGNORED FOR OVERLAY PROCESS
    SEGMENT: ?PR?_?OSTASKDELREQ?OS_TASK
*** WARNING L1: UNRESOLVED EXTERNAL SYMBOL
    SYMBOL:  _?INIT_UART
    MODULE:  main.obj (MAIN)
*** WARNING L2: REFERENCE MADE TO UNRESOLVED EXTERNAL
    SYMBOL:  _?INIT_UART
    MODULE:  main.obj (MAIN)
    ADDRESS: 118BH
Program Size: data=124.1 xdata=2299 code=7096
creating hex file from "uCosII"...
"uCosII" - 0 Error(s), 12 Warning(s).
Build target 'Target 1'
assembling STARTUP.A51...
compiling main.c...
assembling OS_CPU_A.ASM...
compiling COMMRTOS.C...
compiling OS_CORE.C...
compiling OS_FLAG.C...
compiling OS_MBOX.C...
compiling OS_MEM.C...
compiling OS_MUTEX.C...
compiling OS_Q.C...
compiling OS_SEM.C...
compiling OS_TASK.C...
compiling OS_TIME.C...
compiling uCOS_II.C...
compiling OS_CPU_C.C...
linking...
*** WARNING L16: UNCALLED SEGMENT, IGNORED FOR OVERLAY PROCESS
    SEGMENT: ?PR?_?INITSERIALBUFFER?COMMRTOS
*** WARNING L16: UNCALLED SEGMENT, IGNORED FOR OVERLAY PROCESS
    SEGMENT: ?PR?_?YYGETCH?COMMRTOS
*** WARNING L16: UNCALLED SEGMENT, IGNORED FOR OVERLAY PROCESS
    SEGMENT: ?PR?_?PRINTBYTE?COMMRTOS
*** WARNING L16: UNCALLED SEGMENT, IGNORED FOR OVERLAY PROCESS
    SEGMENT: ?PR?_?PRINTWORD?COMMRTOS
*** WARNING L16: UNCALLED SEGMENT, IGNORED FOR OVERLAY PROCESS
    SEGMENT: ?PR?_?PRINTLONG?COMMRTOS
*** WARNING L16: UNCALLED SEGMENT, IGNORED FOR OVERLAY PROCESS
    SEGMENT: ?PR?_?CLRSCR?COMMRTOS
*** WARNING L16: UNCALLED SEGMENT, IGNORED FOR OVERLAY PROCESS
    SEGMENT: ?PR?_?OSVERSION?OS_CORE
*** WARNING L16: UNCALLED SEGMENT, IGNORED FOR OVERLAY PROCESS
    SEGMENT: ?PR?_?OSTASKDEL?OS_TASK
*** WARNING L16: UNCALLED SEGMENT, IGNORED FOR OVERLAY PROCESS
    SEGMENT: ?PR?_?OSTASKDELREQ?OS_TASK
Program Size: data=124.1 xdata=2299 code=7096
creating hex file from "uCosII"...
"uCosII" - 0 Error(s), 9 Warning(s).
Build target 'Target 1'
assembling STARTUP.A51...
compiling main.c...
assembling OS_CPU_A.ASM...
compiling COMMRTOS.C...
compiling OS_CORE.C...
compiling OS_FLAG.C...
compiling OS_MBOX.C...
compiling OS_MEM.C...
compiling OS_MUTEX.C...
compiling OS_Q.C...
compiling OS_SEM.C...
compiling OS_TASK.C...
compiling OS_TIME.C...
compiling uCOS_II.C...
compiling OS_CPU_C.C...
linking...
*** WARNING L16: UNCALLED SEGMENT, IGNORED FOR OVERLAY PROCESS
    SEGMENT: ?PR?_?INITSERIALBUFFER?COMMRTOS
*** WARNING L16: UNCALLED SEGMENT, IGNORED FOR OVERLAY PROCESS
    SEGMENT: ?PR?_?YYGETCH?COMMRTOS
*** WARNING L16: UNCALLED SEGMENT, IGNORED FOR OVERLAY PROCESS
    SEGMENT: ?PR?_?PRINTBYTE?COMMRTOS
*** WARNING L16: UNCALLED SEGMENT, IGNORED FOR OVERLAY PROCESS
    SEGMENT: ?PR?_?PRINTWORD?COMMRTOS
*** WARNING L16: UNCALLED SEGMENT, IGNORED FOR OVERLAY PROCESS
    SEGMENT: ?PR?_?PRINTLONG?COMMRTOS
*** WARNING L16: UNCALLED SEGMENT, IGNORED FOR OVERLAY PROCESS
    SEGMENT: ?PR?_?CLRSCR?COMMRTOS
*** WARNING L16: UNCALLED SEGMENT, IGNORED FOR OVERLAY PROCESS
    SEGMENT: ?PR?_?OSVERSION?OS_CORE
*** WARNING L16: UNCALLED SEGMENT, IGNORED FOR OVERLAY PROCESS
    SEGMENT: ?PR?_?OSTASKDEL?OS_TASK
*** WARNING L16: UNCALLED SEGMENT, IGNORED FOR OVERLAY PROCESS
    SEGMENT: ?PR?_?OSTASKDELREQ?OS_TASK
Program Size: data=124.1 xdata=2299 code=7096
creating hex file from "uCosII"...
"uCosII" - 0 Error(s), 9 Warning(s).
Build target 'Target 1'
assembling STARTUP.A51...
compiling main.c...
includes.h(31): warning C318: can't open file 'AT89X52.H'
MAIN.C(17): error C202: 'P2': undefined identifier
MAIN.C(18): error C202: 'P2': undefined identifier
MAIN.C(19): error C202: 'P2': undefined identifier
MAIN.C(30): error C202: 'LED0': undefined identifier
MAIN.C(40): error C202: 'LED1': undefined identifier
MAIN.C(50): error C202: 'LED7': undefined identifier
MAIN.C(58): error C202: 'P2': undefined identifier
assembling OS_CPU_A.ASM...
compiling COMMRTOS.C...
includes.h(31): warning C318: can't open file 'AT89X52.H'
COMMRTOS.C(85): error C202: 'TMOD': undefined identifier
COMMRTOS.C(86): error C202: 'TMOD': undefined identifier
COMMRTOS.C(87): error C202: 'TL1': undefined identifier
COMMRTOS.C(88): error C202: 'SCON': undefined identifier
COMMRTOS.C(88): error C202: 'PCON': undefined identifier
COMMRTOS.C(89): error C202: 'TR1': undefined identifier
COMMRTOS.C(96): error C202: 'ES': undefined identifier
COMMRTOS.C(104): error C202: 'TI': undefined identifier
COMMRTOS.C(105): error C202: 'TI': undefined identifier
COMMRTOS.C(107): error C202: 'SBUF': undefined identifier
COMMRTOS.C(110): error C202: 'RI': undefined identifier
COMMRTOS.C(111): error C202: 'RI': undefined identifier
COMMRTOS.C(115): error C202: 'SBUF': undefined identifier
COMMRTOS.C(123): error C202: 'ES': undefined identifier
COMMRTOS.C(137): error C202: 'TI': undefined identifier
COMMRTOS.C(165): error C202: 'EA': undefined identifier
COMMRTOS.C(167): error C202: 'EA': undefined identifier
COMMRTOS.C(178): error C202: 'EA': undefined identifier
COMMRTOS.C(180): error C202: 'EA': undefined identifier
COMMRTOS.C(185): error C202: 'EA': undefined identifier
COMMRTOS.C(188): error C202: 'EA': undefined identifier
COMMRTOS.C(197): error C202: 'EA': undefined identifier
COMMRTOS.C(208): error C202: 'EA': undefined identifier
compiling OS_CORE.C...
includes.h(31): warning C318: can't open file 'AT89X52.H'
OSS\OS_CORE.C(179): error C202: 'EA': undefined identifier
OSS\OS_CORE.C(199): error C202: 'EA': undefined identifier
OSS\OS_CORE.C(406): error C202: 'EA': undefined identifier
OSS\OS_CORE.C(427): error C202: 'EA': undefined identifier
OSS\OS_CORE.C(935): error C202: 'EA': undefined identifier
OSS\OS_CORE.C(949): error C202: 'EA': undefined identifier
OSS\OS_CORE.C(983): error C202: 'EA': undefined identifier
OSS\OS_CORE.C(985): error C202: 'EA': undefined identifier
OSS\OS_CORE.C(1120): error C202: 'EA': undefined identifier
OSS\OS_CORE.C(1125): error C202: 'EA': undefined identifier
OSS\OS_CORE.C(1174): error C202: 'EA': undefined identifier
OSS\OS_CORE.C(1185): error C202: 'EA': undefined identifier
OSS\OS_CORE.C(1188): error C202: 'EA': undefined identifier
compiling OS_FLAG.C...
INCLUDES.H(31): warning C318: can't open file 'AT89X52.H'
compiling OS_MBOX.C...
includes.h(31): warning C318: can't open file 'AT89X52.H'
compiling OS_MEM.C...
includes.h(31): warning C318: can't open file 'AT89X52.H'
compiling OS_MUTEX.C...
includes.h(31): warning C318: can't open file 'AT89X52.H'
compiling OS_Q.C...
includes.h(31): warning C318: can't open file 'AT89X52.H'
compiling OS_SEM.C...
includes.h(31): warning C318: can't open file 'AT89X52.H'
compiling OS_TASK.C...
includes.h(31): warning C318: can't open file 'AT89X52.H'
OSS\OS_TASK.C(198): error C202: 'EA': undefined identifier
OSS\OS_TASK.C(204): error C202: 'EA': undefined identifier
OSS\OS_TASK.C(209): error C202: 'EA': undefined identifier
OSS\OS_TASK.C(211): error C202: 'EA': undefined identifier
OSS\OS_TASK.C(220): error C202: 'EA': undefined identifier
OSS\OS_TASK.C(222): error C202: 'EA': undefined identifier
OSS\OS_TASK.C(226): error C202: 'EA': undefined identifier
OSS\OS_TASK.C(428): error C202: 'EA': undefined identifier
OSS\OS_TASK.C(469): error C202: 'EA': undefined identifier
OSS\OS_TASK.C(471): error C202: 'EA': undefined identifier
OSS\OS_TASK.C(494): error C202: 'EA': undefined identifier
OSS\OS_TASK.C(498): error C202: 'EA': undefined identifier
OSS\OS_TASK.C(574): error C202: 'EA': undefined identifier
OSS\OS_TASK.C(576): error C202: 'EA': undefined identifier
OSS\OS_TASK.C(579): error C202: 'EA': undefined identifier
OSS\OS_TASK.C(591): error C202: 'EA': undefined identifier
compiling OS_TIME.C...
includes.h(31): warning C318: can't open file 'AT89X52.H'
OSS\OS_TIME.C(48): error C202: 'EA': undefined identifier
OSS\OS_TIME.C(55): error C202: 'EA': undefined identifier
compiling uCOS_II.C...
OSS\..\INCLUDES.H(31): warning C318: can't open file 'AT89X52.H'
OSS\OS_CORE.C(179): error C202: 'EA': undefined identifier
OSS\OS_CORE.C(199): error C202: 'EA': undefined identifier
OSS\OS_CORE.C(406): error C202: 'EA': undefined identifier
OSS\OS_CORE.C(427): error C202: 'EA': undefined identifier
OSS\OS_CORE.C(935): error C202: 'EA': undefined identifier
OSS\OS_CORE.C(949): error C202: 'EA': undefined identifier
OSS\OS_CORE.C(983): error C202: 'EA': undefined identifier
OSS\OS_CORE.C(985): error C202: 'EA': undefined identifier
OSS\OS_CORE.C(1120): error C202: 'EA': undefined identifier
OSS\OS_CORE.C(1125): error C202: 'EA': undefined identifier
OSS\OS_CORE.C(1174): error C202: 'EA': undefined identifier
OSS\OS_CORE.C(1185): error C202: 'EA': undefined identifier
OSS\OS_CORE.C(1188): error C202: 'EA': undefined identifier
OSS\OS_TASK.C(198): error C202: 'EA': undefined identifier
OSS\OS_TASK.C(204): error C202: 'EA': undefined identifier
OSS\OS_TASK.C(209): error C202: 'EA': undefined identifier
OSS\OS_TASK.C(211): error C202: 'EA': undefined identifier
OSS\OS_TASK.C(220): error C202: 'EA': undefined identifier
OSS\OS_TASK.C(222): error C202: 'EA': undefined identifier
OSS\OS_TASK.C(226): error C202: 'EA': undefined identifier
OSS\OS_TASK.C(428): error C202: 'EA': undefined identifier
OSS\OS_TASK.C(469): error C202: 'EA': undefined identifier
OSS\OS_TASK.C(471): error C202: 'EA': undefined identifier
OSS\OS_TASK.C(494): error C202: 'EA': undefined identifier
OSS\OS_TASK.C(498): error C202: 'EA': undefined identifier
OSS\OS_TASK.C(574): error C202: 'EA': undefined identifier
OSS\OS_TASK.C(576): error C202: 'EA': undefined identifier
OSS\OS_TASK.C(579): error C202: 'EA': undefined identifier
OSS\OS_TASK.C(591): error C202: 'EA': undefined identifier
OSS\OS_TIME.C(48): error C202: 'EA': undefined identifier
OSS\OS_TIME.C(55): error C202: 'EA': undefined identifier
compiling OS_CPU_C.C...
includes.h(31): warning C318: can't open file 'AT89X52.H'
CPU\OS_CPU_C.C(264): error C202: 'TMOD': undefined identifier
CPU\OS_CPU_C.C(265): error C202: 'TMOD': undefined identifier
CPU\OS_CPU_C.C(266): error C202: 'TH0': undefined identifier
CPU\OS_CPU_C.C(267): error C202: 'TL0': undefined identifier
CPU\OS_CPU_C.C(268): error C202: 'ET0': undefined identifier
CPU\OS_CPU_C.C(269): error C202: 'TR0': undefined identifier
Target not created
Build target 'Target 1'
assembling STARTUP.A51...
compiling main.c...
includes.h(31): warning C318: can't open file 'AT89X52.H'
MAIN.C(17): error C202: 'P2': undefined identifier
MAIN.C(18): error C202: 'P2': undefined identifier
MAIN.C(19): error C202: 'P2': undefined identifier
MAIN.C(30): error C202: 'LED0': undefined identifier
MAIN.C(40): error C202: 'LED1': undefined identifier
MAIN.C(50): error C202: 'LED7': undefined identifier
MAIN.C(58): error C202: 'P2': undefined identifier
assembling OS_CPU_A.ASM...
compiling COMMRTOS.C...
includes.h(31): warning C318: can't open file 'AT89X52.H'
COMMRTOS.C(85): error C202: 'TMOD': undefined identifier
COMMRTOS.C(86): error C202: 'TMOD': undefined identifier
COMMRTOS.C(87): error C202: 'TL1': undefined identifier
COMMRTOS.C(88): error C202: 'SCON': undefined identifier
COMMRTOS.C(88): error C202: 'PCON': undefined identifier
COMMRTOS.C(89): error C202: 'TR1': undefined identifier
COMMRTOS.C(96): error C202: 'ES': undefined identifier
COMMRTOS.C(104): error C202: 'TI': undefined identifier
COMMRTOS.C(105): error C202: 'TI': undefined identifier
COMMRTOS.C(107): error C202: 'SBUF': undefined identifier
COMMRTOS.C(110): error C202: 'RI': undefined identifier
COMMRTOS.C(111): error C202: 'RI': undefined identifier
COMMRTOS.C(115): error C202: 'SBUF': undefined identifier
COMMRTOS.C(123): error C202: 'ES': undefined identifier
COMMRTOS.C(137): error C202: 'TI': undefined identifier
COMMRTOS.C(165): error C202: 'EA': undefined identifier
COMMRTOS.C(167): error C202: 'EA': undefined identifier
COMMRTOS.C(178): error C202: 'EA': undefined identifier
COMMRTOS.C(180): error C202: 'EA': undefined identifier
COMMRTOS.C(185): error C202: 'EA': undefined identifier
COMMRTOS.C(188): error C202: 'EA': undefined identifier
COMMRTOS.C(197): error C202: 'EA': undefined identifier
COMMRTOS.C(208): error C202: 'EA': undefined identifier
compiling OS_CORE.C...
includes.h(31): warning C318: can't open file 'AT89X52.H'
OSS\OS_CORE.C(179): error C202: 'EA': undefined identifier
OSS\OS_CORE.C(199): error C202: 'EA': undefined identifier
OSS\OS_CORE.C(406): error C202: 'EA': undefined identifier
OSS\OS_CORE.C(427): error C202: 'EA': undefined identifier
OSS\OS_CORE.C(935): error C202: 'EA': undefined identifier
OSS\OS_CORE.C(949): error C202: 'EA': undefined identifier
OSS\OS_CORE.C(983): error C202: 'EA': undefined identifier
OSS\OS_CORE.C(985): error C202: 'EA': undefined identifier
OSS\OS_CORE.C(1120): error C202: 'EA': undefined identifier
OSS\OS_CORE.C(1125): error C202: 'EA': undefined identifier
OSS\OS_CORE.C(1174): error C202: 'EA': undefined identifier
OSS\OS_CORE.C(1185): error C202: 'EA': undefined identifier
OSS\OS_CORE.C(1188): error C202: 'EA': undefined identifier
compiling OS_FLAG.C...
INCLUDES.H(31): warning C318: can't open file 'AT89X52.H'
compiling OS_MBOX.C...
includes.h(31): warning C318: can't open file 'AT89X52.H'
compiling OS_MEM.C...
includes.h(31): warning C318: can't open file 'AT89X52.H'
compiling OS_MUTEX.C...
includes.h(31): warning C318: can't open file 'AT89X52.H'
compiling OS_Q.C...
includes.h(31): warning C318: can't open file 'AT89X52.H'
compiling OS_SEM.C...
includes.h(31): warning C318: can't open file 'AT89X52.H'
compiling OS_TASK.C...
includes.h(31): warning C318: can't open file 'AT89X52.H'
OSS\OS_TASK.C(198): error C202: 'EA': undefined identifier
OSS\OS_TASK.C(204): error C202: 'EA': undefined identifier
OSS\OS_TASK.C(209): error C202: 'EA': undefined identifier
OSS\OS_TASK.C(211): error C202: 'EA': undefined identifier
OSS\OS_TASK.C(220): error C202: 'EA': undefined identifier
OSS\OS_TASK.C(222): error C202: 'EA': undefined identifier
OSS\OS_TASK.C(226): error C202: 'EA': undefined identifier
OSS\OS_TASK.C(428): error C202: 'EA': undefined identifier
OSS\OS_TASK.C(469): error C202: 'EA': undefined identifier
OSS\OS_TASK.C(471): error C202: 'EA': undefined identifier
OSS\OS_TASK.C(494): error C202: 'EA': undefined identifier
OSS\OS_TASK.C(498): error C202: 'EA': undefined identifier
OSS\OS_TASK.C(574): error C202: 'EA': undefined identifier
OSS\OS_TASK.C(576): error C202: 'EA': undefined identifier
OSS\OS_TASK.C(579): error C202: 'EA': undefined identifier
OSS\OS_TASK.C(591): error C202: 'EA': undefined identifier
compiling OS_TIME.C...
includes.h(31): warning C318: can't open file 'AT89X52.H'
OSS\OS_TIME.C(48): error C202: 'EA': undefined identifier
OSS\OS_TIME.C(55): error C202: 'EA': undefined identifier
compiling uCOS_II.C...
OSS\..\INCLUDES.H(31): warning C318: can't open file 'AT89X52.H'
OSS\OS_CORE.C(179): error C202: 'EA': undefined identifier
OSS\OS_CORE.C(199): error C202: 'EA': undefined identifier
OSS\OS_CORE.C(406): error C202: 'EA': undefined identifier
OSS\OS_CORE.C(427): error C202: 'EA': undefined identifier
OSS\OS_CORE.C(935): error C202: 'EA': undefined identifier
OSS\OS_CORE.C(949): error C202: 'EA': undefined identifier
OSS\OS_CORE.C(983): error C202: 'EA': undefined identifier
OSS\OS_CORE.C(985): error C202: 'EA': undefined identifier
OSS\OS_CORE.C(1120): error C202: 'EA': undefined identifier
OSS\OS_CORE.C(1125): error C202: 'EA': undefined identifier
OSS\OS_CORE.C(1174): error C202: 'EA': undefined identifier
OSS\OS_CORE.C(1185): error C202: 'EA': undefined identifier
OSS\OS_CORE.C(1188): error C202: 'EA': undefined identifier
OSS\OS_TASK.C(198): error C202: 'EA': undefined identifier
OSS\OS_TASK.C(204): error C202: 'EA': undefined identifier
OSS\OS_TASK.C(209): error C202: 'EA': undefined identifier
OSS\OS_TASK.C(211): error C202: 'EA': undefined identifier
OSS\OS_TASK.C(220): error C202: 'EA': undefined identifier
OSS\OS_TASK.C(222): error C202: 'EA': undefined identifier
OSS\OS_TASK.C(226): error C202: 'EA': undefined identifier
OSS\OS_TASK.C(428): error C202: 'EA': undefined identifier
OSS\OS_TASK.C(469): error C202: 'EA': undefined identifier
OSS\OS_TASK.C(471): error C202: 'EA': undefined identifier
OSS\OS_TASK.C(494): error C202: 'EA': undefined identifier
OSS\OS_TASK.C(498): error C202: 'EA': undefined identifier
OSS\OS_TASK.C(574): error C202: 'EA': undefined identifier
OSS\OS_TASK.C(576): error C202: 'EA': undefined identifier
OSS\OS_TASK.C(579): error C202: 'EA': undefined identifier
OSS\OS_TASK.C(591): error C202: 'EA': undefined identifier
OSS\OS_TIME.C(48): error C202: 'EA': undefined identifier
OSS\OS_TIME.C(55): error C202: 'EA': undefined identifier
compiling OS_CPU_C.C...
includes.h(31): warning C318: can't open file 'AT89X52.H'
CPU\OS_CPU_C.C(264): error C202: 'TMOD': undefined identifier
CPU\OS_CPU_C.C(265): error C202: 'TMOD': undefined identifier
CPU\OS_CPU_C.C(266): error C202: 'TH0': undefined identifier
CPU\OS_CPU_C.C(267): error C202: 'TL0': undefined identifier
CPU\OS_CPU_C.C(268): error C202: 'ET0': undefined identifier
CPU\OS_CPU_C.C(269): error C202: 'TR0': undefined identifier
Target not created
Build target 'Target 1'
assembling STARTUP.A51...
compiling main.c...
includes.h(31): warning C318: can't open file 'AT89X52.H'
MAIN.C(17): error C202: 'P2': undefined identifier
MAIN.C(18): error C202: 'P2': undefined identifier
MAIN.C(19): error C202: 'P2': undefined identifier
MAIN.C(30): error C202: 'LED0': undefined identifier
MAIN.C(40): error C202: 'LED1': undefined identifier
MAIN.C(50): error C202: 'LED7': undefined identifier
MAIN.C(58): error C202: 'P2': undefined identifier
assembling OS_CPU_A.ASM...
compiling OS_CORE.C...
includes.h(31): warning C318: can't open file 'AT89X52.H'
OSS\OS_CORE.C(179): error C202: 'EA': undefined identifier
OSS\OS_CORE.C(199): error C202: 'EA': undefined identifier
OSS\OS_CORE.C(406): error C202: 'EA': undefined identifier
OSS\OS_CORE.C(427): error C202: 'EA': undefined identifier
OSS\OS_CORE.C(935): error C202: 'EA': undefined identifier
OSS\OS_CORE.C(949): error C202: 'EA': undefined identifier
OSS\OS_CORE.C(983): error C202: 'EA': undefined identifier
OSS\OS_CORE.C(985): error C202: 'EA': undefined identifier
OSS\OS_CORE.C(1120): error C202: 'EA': undefined identifier
OSS\OS_CORE.C(1125): error C202: 'EA': undefined identifier
OSS\OS_CORE.C(1174): error C202: 'EA': undefined identifier
OSS\OS_CORE.C(1185): error C202: 'EA': undefined identifier
OSS\OS_CORE.C(1188): error C202: 'EA': undefined identifier
compiling OS_FLAG.C...
INCLUDES.H(31): warning C318: can't open file 'AT89X52.H'
compiling OS_MBOX.C...
includes.h(31): warning C318: can't open file 'AT89X52.H'
compiling OS_MEM.C...
includes.h(31): warning C318: can't open file 'AT89X52.H'
compiling OS_MUTEX.C...
includes.h(31): warning C318: can't open file 'AT89X52.H'
compiling OS_Q.C...
includes.h(31): warning C318: can't open file 'AT89X52.H'
compiling OS_SEM.C...
includes.h(31): warning C318: can't open file 'AT89X52.H'
compiling OS_TASK.C...
includes.h(31): warning C318: can't open file 'AT89X52.H'
OSS\OS_TASK.C(198): error C202: 'EA': undefined identifier
OSS\OS_TASK.C(204): error C202: 'EA': undefined identifier
OSS\OS_TASK.C(209): error C202: 'EA': undefined identifier
OSS\OS_TASK.C(211): error C202: 'EA': undefined identifier
OSS\OS_TASK.C(220): error C202: 'EA': undefined identifier
OSS\OS_TASK.C(222): error C202: 'EA': undefined identifier
OSS\OS_TASK.C(226): error C202: 'EA': undefined identifier
OSS\OS_TASK.C(428): error C202: 'EA': undefined identifier
OSS\OS_TASK.C(469): error C202: 'EA': undefined identifier
OSS\OS_TASK.C(471): error C202: 'EA': undefined identifier
OSS\OS_TASK.C(494): error C202: 'EA': undefined identifier
OSS\OS_TASK.C(498): error C202: 'EA': undefined identifier
OSS\OS_TASK.C(574): error C202: 'EA': undefined identifier
OSS\OS_TASK.C(576): error C202: 'EA': undefined identifier
OSS\OS_TASK.C(579): error C202: 'EA': undefined identifier
OSS\OS_TASK.C(591): error C202: 'EA': undefined identifier
compiling OS_TIME.C...
includes.h(31): warning C318: can't open file 'AT89X52.H'
OSS\OS_TIME.C(48): error C202: 'EA': undefined identifier
OSS\OS_TIME.C(55): error C202: 'EA': undefined identifier
compiling uCOS_II.C...
OSS\..\INCLUDES.H(31): warning C318: can't open file 'AT89X52.H'
OSS\OS_CORE.C(179): error C202: 'EA': undefined identifier
OSS\OS_CORE.C(199): error C202: 'EA': undefined identifier
OSS\OS_CORE.C(406): error C202: 'EA': undefined identifier
OSS\OS_CORE.C(427): error C202: 'EA': undefined identifier
OSS\OS_CORE.C(935): error C202: 'EA': undefined identifier
OSS\OS_CORE.C(949): error C202: 'EA': undefined identifier
OSS\OS_CORE.C(983): error C202: 'EA': undefined identifier
OSS\OS_CORE.C(985): error C202: 'EA': undefined identifier
OSS\OS_CORE.C(1120): error C202: 'EA': undefined identifier
OSS\OS_CORE.C(1125): error C202: 'EA': undefined identifier
OSS\OS_CORE.C(1174): error C202: 'EA': undefined identifier
OSS\OS_CORE.C(1185): error C202: 'EA': undefined identifier
OSS\OS_CORE.C(1188): error C202: 'EA': undefined identifier
OSS\OS_TASK.C(198): error C202: 'EA': undefined identifier
OSS\OS_TASK.C(204): error C202: 'EA': undefined identifier
OSS\OS_TASK.C(209): error C202: 'EA': undefined identifier
OSS\OS_TASK.C(211): error C202: 'EA': undefined identifier
OSS\OS_TASK.C(220): error C202: 'EA': undefined identifier
OSS\OS_TASK.C(222): error C202: 'EA': undefined identifier
OSS\OS_TASK.C(226): error C202: 'EA': undefined identifier
OSS\OS_TASK.C(428): error C202: 'EA': undefined identifier
OSS\OS_TASK.C(469): error C202: 'EA': undefined identifier
OSS\OS_TASK.C(471): error C202: 'EA': undefined identifier
OSS\OS_TASK.C(494): error C202: 'EA': undefined identifier
OSS\OS_TASK.C(498): error C202: 'EA': undefined identifier
OSS\OS_TASK.C(574): error C202: 'EA': undefined identifier
OSS\OS_TASK.C(576): error C202: 'EA': undefined identifier
OSS\OS_TASK.C(579): error C202: 'EA': undefined identifier
OSS\OS_TASK.C(591): error C202: 'EA': undefined identifier
OSS\OS_TIME.C(48): error C202: 'EA': undefined identifier
OSS\OS_TIME.C(55): error C202: 'EA': undefined identifier
compiling OS_CPU_C.C...
includes.h(31): warning C318: can't open file 'AT89X52.H'
CPU\OS_CPU_C.C(264): error C202: 'TMOD': undefined identifier
CPU\OS_CPU_C.C(265): error C202: 'TMOD': undefined identifier
CPU\OS_CPU_C.C(266): error C202: 'TH0': undefined identifier
CPU\OS_CPU_C.C(267): error C202: 'TL0': undefined identifier
CPU\OS_CPU_C.C(268): error C202: 'ET0': undefined identifier
CPU\OS_CPU_C.C(269): error C202: 'TR0': undefined identifier
Target not created
Build target 'Target 1'
assembling STARTUP.A51...
compiling main.c...
includes.h(31): warning C318: can't open file 'AT89X52.H'
MAIN.C(17): error C202: 'P2': undefined identifier
MAIN.C(18): error C202: 'P2': undefined identifier
MAIN.C(19): error C202: 'P2': undefined identifier
MAIN.C(30): error C202: 'LED0': undefined identifier
MAIN.C(40): error C202: 'LED1': undefined identifier
MAIN.C(50): error C202: 'LED7': undefined identifier
MAIN.C(58): error C202: 'P2': undefined identifier
assembling OS_CPU_A.ASM...
compiling OS_CORE.C...
includes.h(31): warning C318: can't open file 'AT89X52.H'
OSS\OS_CORE.C(179): error C202: 'EA': undefined identifier
OSS\OS_CORE.C(199): error C202: 'EA': undefined identifier
OSS\OS_CORE.C(406): error C202: 'EA': undefined identifier
OSS\OS_CORE.C(427): error C202: 'EA': undefined identifier
OSS\OS_CORE.C(935): error C202: 'EA': undefined identifier
OSS\OS_CORE.C(949): error C202: 'EA': undefined identifier
OSS\OS_CORE.C(983): error C202: 'EA': undefined identifier
OSS\OS_CORE.C(985): error C202: 'EA': undefined identifier
OSS\OS_CORE.C(1120): error C202: 'EA': undefined identifier
OSS\OS_CORE.C(1125): error C202: 'EA': undefined identifier
OSS\OS_CORE.C(1174): error C202: 'EA': undefined identifier
OSS\OS_CORE.C(1185): error C202: 'EA': undefined identifier
OSS\OS_CORE.C(1188): error C202: 'EA': undefined identifier
compiling OS_FLAG.C...
INCLUDES.H(31): warning C318: can't open file 'AT89X52.H'
compiling OS_MBOX.C...
includes.h(31): warning C318: can't open file 'AT89X52.H'
compiling OS_MEM.C...
includes.h(31): warning C318: can't open file 'AT89X52.H'
compiling OS_MUTEX.C...
includes.h(31): warning C318: can't open file 'AT89X52.H'
compiling OS_Q.C...
includes.h(31): warning C318: can't open file 'AT89X52.H'
compiling OS_SEM.C...
includes.h(31): warning C318: can't open file 'AT89X52.H'
compiling OS_TASK.C...
includes.h(31): warning C318: can't open file 'AT89X52.H'
OSS\OS_TASK.C(198): error C202: 'EA': undefined identifier
OSS\OS_TASK.C(204): error C202: 'EA': undefined identifier
OSS\OS_TASK.C(209): error C202: 'EA': undefined identifier
OSS\OS_TASK.C(211): error C202: 'EA': undefined identifier
OSS\OS_TASK.C(220): error C202: 'EA': undefined identifier
OSS\OS_TASK.C(222): error C202: 'EA': undefined identifier
OSS\OS_TASK.C(226): error C202: 'EA': undefined identifier
OSS\OS_TASK.C(428): error C202: 'EA': undefined identifier
OSS\OS_TASK.C(469): error C202: 'EA': undefined identifier
OSS\OS_TASK.C(471): error C202: 'EA': undefined identifier
OSS\OS_TASK.C(494): error C202: 'EA': undefined identifier
OSS\OS_TASK.C(498): error C202: 'EA': undefined identifier
OSS\OS_TASK.C(574): error C202: 'EA': undefined identifier
OSS\OS_TASK.C(576): error C202: 'EA': undefined identifier
OSS\OS_TASK.C(579): error C202: 'EA': undefined identifier
OSS\OS_TASK.C(591): error C202: 'EA': undefined identifier
compiling OS_TIME.C...
includes.h(31): warning C318: can't open file 'AT89X52.H'
OSS\OS_TIME.C(48): error C202: 'EA': undefined identifier
OSS\OS_TIME.C(55): error C202: 'EA': undefined identifier
compiling uCOS_II.C...
OSS\..\INCLUDES.H(31): warning C318: can't open file 'AT89X52.H'
OSS\OS_CORE.C(179): error C202: 'EA': undefined identifier
OSS\OS_CORE.C(199): error C202: 'EA': undefined identifier
OSS\OS_CORE.C(406): error C202: 'EA': undefined identifier
OSS\OS_CORE.C(427): error C202: 'EA': undefined identifier
OSS\OS_CORE.C(935): error C202: 'EA': undefined identifier
OSS\OS_CORE.C(949): error C202: 'EA': undefined identifier
OSS\OS_CORE.C(983): error C202: 'EA': undefined identifier
OSS\OS_CORE.C(985): error C202: 'EA': undefined identifier
OSS\OS_CORE.C(1120): error C202: 'EA': undefined identifier
OSS\OS_CORE.C(1125): error C202: 'EA': undefined identifier
OSS\OS_CORE.C(1174): error C202: 'EA': undefined identifier
OSS\OS_CORE.C(1185): error C202: 'EA': undefined identifier
OSS\OS_CORE.C(1188): error C202: 'EA': undefined identifier
OSS\OS_TASK.C(198): error C202: 'EA': undefined identifier
OSS\OS_TASK.C(204): error C202: 'EA': undefined identifier
OSS\OS_TASK.C(209): error C202: 'EA': undefined identifier
OSS\OS_TASK.C(211): error C202: 'EA': undefined identifier
OSS\OS_TASK.C(220): error C202: 'EA': undefined identifier
OSS\OS_TASK.C(222): error C202: 'EA': undefined identifier
OSS\OS_TASK.C(226): error C202: 'EA': undefined identifier
OSS\OS_TASK.C(428): error C202: 'EA': undefined identifier
OSS\OS_TASK.C(469): error C202: 'EA': undefined identifier
OSS\OS_TASK.C(471): error C202: 'EA': undefined identifier
OSS\OS_TASK.C(494): error C202: 'EA': undefined identifier
OSS\OS_TASK.C(498): error C202: 'EA': undefined identifier
OSS\OS_TASK.C(574): error C202: 'EA': undefined identifier
OSS\OS_TASK.C(576): error C202: 'EA': undefined identifier
OSS\OS_TASK.C(579): error C202: 'EA': undefined identifier
OSS\OS_TASK.C(591): error C202: 'EA': undefined identifier
OSS\OS_TIME.C(48): error C202: 'EA': undefined identifier
OSS\OS_TIME.C(55): error C202: 'EA': undefined identifier
compiling OS_CPU_C.C...
includes.h(31): warning C318: can't open file 'AT89X52.H'
CPU\OS_CPU_C.C(264): error C202: 'TMOD': undefined identifier
CPU\OS_CPU_C.C(265): error C202: 'TMOD': undefined identifier
CPU\OS_CPU_C.C(266): error C202: 'TH0': undefined identifier
CPU\OS_CPU_C.C(267): error C202: 'TL0': undefined identifier
CPU\OS_CPU_C.C(268): error C202: 'ET0': undefined identifier
CPU\OS_CPU_C.C(269): error C202: 'TR0': undefined identifier
CPU\OS_CPU_C.C(277): error C202: 'SCON': undefined identifier
CPU\OS_CPU_C.C(278): error C202: 'TMOD': undefined identifier
CPU\OS_CPU_C.C(279): error C202: 'TH1': undefined identifier
CPU\OS_CPU_C.C(280): error C202: 'TL1': undefined identifier
CPU\OS_CPU_C.C(281): error C202: 'TR1': undefined identifier
CPU\OS_CPU_C.C(282): error C202: 'ES': undefined identifier
CPU\OS_CPU_C.C(283): error C202: 'PS': undefined identifier
Target not created
